<?xml version="1.0" encoding="UTF-8"?>
<testng-results skipped="0" failed="0" total="1" passed="1">
  <reporter-output>
  </reporter-output>
  <suite name="pravin.pract.mockitopractice.AppTest" duration-ms="464" started-at="2015-11-01T19:32:33Z" finished-at="2015-11-01T19:32:34Z">
    <groups>
    </groups>
    <test name="Command line test" duration-ms="464" started-at="2015-11-01T19:32:33Z" finished-at="2015-11-01T19:32:34Z">
      <class name="pravin.pract.mockitopractice.AppTest">
        <test-method status="PASS" signature="testApp()" name="testApp" duration-ms="397" started-at="2015-11-01T19:32:33Z" finished-at="2015-11-01T19:32:34Z">
        </test-method>
      </class>
    </test>
  </suite>
</testng-results>
