<?xml version="1.0" encoding="UTF-8"?>
<testng-results skipped="0" failed="0" total="1" passed="1">
  <reporter-output>
  </reporter-output>
  <suite name="pravin.pract.project2.AppTest" duration-ms="33" started-at="2015-10-24T16:49:05Z" finished-at="2015-10-24T16:49:05Z">
    <groups>
    </groups>
    <test name="Command line test" duration-ms="33" started-at="2015-10-24T16:49:05Z" finished-at="2015-10-24T16:49:05Z">
      <class name="pravin.pract.project2.AppTest">
        <test-method status="PASS" signature="testIfAdditionHandlesPositiveSums()" name="testIfAdditionHandlesPositiveSums" duration-ms="20" started-at="2015-10-24T16:49:05Z" finished-at="2015-10-24T16:49:05Z">
        </test-method>
      </class>
    </test>
  </suite>
</testng-results>
